
ifmmp
jgnnq
khoor
lipps
mjqqt
nkrru
olssv
pmttw
qnuux
rovvy
spwwz
tqxxa
uryyb
vszzc
wtaad
xubbe
yvccf
zwddg
axeeh
byffi
czggj
dahhk
ebiil
fcjjm
gdkkn
hello
ifmmp
jgnnq
khoor
lipps
mjqqt
nkrru
olssv
pmttw
qnuux
rovvy
spwwz
tqxxa
uryyb
vszzc
wtaad
xubbe
yvccf
zwddg
axeeh
byffi
czggj
dahhk
ebiil
fcjjm
gdkkn
hello
ifmmp
jgnnq
khoor
lipps
mjqqt
nkrru
olssv
pmttw
qnuux
rovvy
spwwz
tqxxa
uryyb
vszzc
wtaad
xubbe
yvccf
zwddg
axeeh
byffi
czggj
dahhk
ebiil
fcjjm
gdkkn
hello
ifmmp
jgnnq
khoor
lipps
mjqqt
nkrru
olssv
pmttw
qnuux
rovvy
spwwz
tqxxa
uryyb
vszzc
wtaad
xubbe
yvccf
zwddg
axeeh
byffi
czggj
dahhk
ebiil
fcjjm
gdkkn
hello
ifmmp
ifmmp
jgnnq
jgnnq
khoor
khoor
lipps
lipps
mjqqt
mjqqt
nkrru
nkrru
olssv
olssv
pmttw
pmttw
qnuux
qnuux
rovvy
rovvy
spwwz
spwwz
tqxxa
tqxxa
uryyb
uryyb
vszzc
vszzc
wtaad
wtaad
xubbe
xubbe
yvccf
yvccf
zwddg
zwddg
axeeh
axeeh
byffi
byffi
czggj
czggj
dahhk
dahhk
ebiil
ebiil
fcjjm
fcjjm
gdkkn
gdkkn
hello
hello
ifmmp
jgnnq
khoor
lipps
mjqqt
nkrru
olssv
pmttw
qnuux
rovvy
spwwz
tqxxa
uryyb
vszzc
wtaad
xubbe
yvccf
zwddg
axeeh
byffi
czggj
dahhk
ebiil
fcjjm
gdkkn
hello
ifmmp
jgnnq
khoor
lipps
mjqqt
nkrru
olssv
pmttw
qnuux
rovvy
spwwz
tqxxa
uryyb
vszzc
wtaad
xubbe
yvccf
zwddg
axeeh
byffi
czggj
dahhk
ebiil
fcjjm
gdkkn
hello
zp
aq
br
cs
dt
eu
fv
gw
hx
iy
jz
ka
lb
mc
nd
oe
pf
qg
rh
si
tj
uk
vl
wm
xn
yo
zp
aq
br
cs
dt
eu
fv
gw
hx
iy
jz
ka
lb
mc
nd
oe
pf
qg
rh
si
tj
uk
vl
wm
xn
yo
zp
aq
br
cs
dt
eu
fv
gw
hx
iy
jz
ka
lb
mc
nd
oe
pf
qg
rh
si
tj
uk
vl
wm
xn
yo
ijuifsf
jkvjgtg
klwkhuh
lmxlivi
mnymjwj
noznkxk
opaolyl
pqbpmzm
qrcqnan
rsdrobo
stespcp
tuftqdq
uvgurer
vwhvsfs
wxiwtgt
xyjxuhu
yzkyviv
zalzwjw
abmaxkx
bcnbyly
cdoczmz
depdana
efqebob
fgrfcpc
ghsgdqd
hithere
hp
iq
jr
ks
lt
mu
nv
ow
px
qy
rz
sa
tb
uc
vd
we
xf
yg
zh
ai
bj
ck
dl
em
fn
go
hp
iq
jr
ks
lt
mu
nv
ow
px
qy
rz
sa
tb
uc
vd
we
xf
yg
zh
ai
bj
ck
dl
em
fn
go
ifmmp
jgnnq
khoor
lipps
mjqqt
nkrru
olssv
pmttw
qnuux
rovvy
spwwz
tqxxa
uryyb
vszzc
wtaad
xubbe
yvccf
zwddg
axeeh
byffi
czggj
dahhk
ebiil
fcjjm
gdkkn
hello
ifmmp
jgnnq
khoor
lipps
mjqqt
nkrru
olssv
pmttw
qnuux
rovvy
spwwz
tqxxa
uryyb
vszzc
wtaad
xubbe
yvccf
zwddg
axeeh
byffi
czggj
dahhk
ebiil
fcjjm
gdkkn
hello
ifmmp
jgnnq
khoor
lipps
mjqqt
nkrru
olssv
pmttw
qnuux
rovvy
spwwz
tqxxa
uryyb
vszzc
wtaad
xubbe
yvccf
zwddg
axeeh
byffi
czggj
dahhk
ebiil
fcjjm
gdkkn
hello
ifmmp
jgnnq
khoor
lipps
mjqqt
nkrru
olssv
pmttw
qnuux
rovvy
spwwz
tqxxa
uryyb
vszzc
wtaad
xubbe
yvccf
zwddg
axeeh
byffi
czggj
dahhk
ebiil
fcjjm
gdkkn
hello
